<?xml version="1.0" encoding="UTF-8"?>
<!-- Generated by org.testng.reporters.JUnitReportReporter -->
<testsuite skipped="0" hostname="LAPTOP-OF8JNDJ4" name="com.cr.msupplier.login.LoginTest" tests="1" failures="0" timestamp="16 Jul 2019 09:33:43 GMT" time="12.001" errors="0">
  <testcase name="TestSetup" time="12.001" classname="com.cr.msupplier.login.LoginTest"/>
</testsuite> <!-- com.cr.msupplier.login.LoginTest -->
